15:31:50.168 [main] INFO  testCases.TC_001_search_bookshelves - ***********Starting TC_001**************************
15:31:54.257 [main] INFO  testCases.TC_001_search_bookshelves - Searched for bookshelves and captured the screenshot successfully
15:32:02.851 [main] INFO  testCases.TC_001_search_bookshelves - Clicked on the search button
15:32:05.415 [main] INFO  testCases.TC_001_search_bookshelves - Closed the ad successfully
15:32:06.072 [main] INFO  testCases.TC_001_search_bookshelves - Captured the search results successfully
15:32:06.073 [main] INFO  testCases.TC_001_search_bookshelves - Started Applying filters
15:32:23.640 [main] INFO  testCases.TC_001_search_bookshelves - Applied the filters and captured the screenshots
15:32:23.944 [main] INFO  testCases.TC_001_search_bookshelves - Top three products selected
15:32:44.195 [main] INFO  testCases.TC_002_Living_Submenu - ***********************Starting TC_002*******************************
15:32:49.317 [main] INFO  testCases.TC_002_Living_Submenu -  Hovered on living and captured a screenshot
15:32:49.687 [main] INFO  testCases.TC_002_Living_Submenu - Submenu items are retrieved printed in the console
15:33:01.549 [main] INFO  testCases.TC_003_Giftcards - ******************8Starting TC_003************************* 
15:33:07.094 [main] INFO  testCases.TC_003_Giftcards - Clicked on gift cards
15:33:09.200 [main] INFO  testCases.TC_003_Giftcards - Scrolled down for gift card selection
15:33:13.028 [main] INFO  testCases.TC_003_Giftcards - Hovered on birthday and clicked choose this
15:33:14.107 [main] INFO  testCases.TC_003_Giftcards - Amount is selected
15:33:17.512 [main] INFO  testCases.TC_003_Giftcards - Month is selected
15:33:24.608 [main] INFO  testCases.TC_003_Giftcards - Invalid recipient details is passed 
15:33:26.693 [main] INFO  testCases.TC_003_Giftcards - from details is passed 
15:33:29.218 [main] INFO  testCases.TC_003_Giftcards - confirm button is clicked and the error message is captured
15:33:34.402 [main] INFO  testCases.TC_003_Giftcards - valid recipient details is set
15:33:36.706 [main] INFO  testCases.TC_003_Giftcards - Screenshot taken
15:33:40.489 [main] INFO  testCases.TC_003_Giftcards - provided all the valid details and clicked on the confirm button
14:47:19.481 [main] INFO  testCases.TC_001_search_bookshelves - ***********Starting TC_001**************************
14:47:24.305 [main] INFO  testCases.TC_001_search_bookshelves - Searched for bookshelves and captured the screenshot successfully
14:47:32.931 [main] INFO  testCases.TC_001_search_bookshelves - Clicked on the search button
14:47:36.621 [main] INFO  testCases.TC_001_search_bookshelves - Closed the ad successfully
14:47:37.242 [main] INFO  testCases.TC_001_search_bookshelves - Captured the search results successfully
14:47:37.243 [main] INFO  testCases.TC_001_search_bookshelves - Started Applying filters
14:47:56.346 [main] INFO  testCases.TC_001_search_bookshelves - Applied the filters and captured the screenshots
14:47:56.886 [main] INFO  testCases.TC_001_search_bookshelves - Top three products selected
14:49:18.512 [main] INFO  testCases.TC_002_Living_Submenu - ***********************Starting TC_002*******************************
14:49:24.857 [main] INFO  testCases.TC_002_Living_Submenu -  Hovered on living and captured a screenshot
14:49:27.226 [main] INFO  testCases.TC_002_Living_Submenu - Submenu items are retrieved printed in the console
14:50:56.496 [main] INFO  testCases.TC_003_Giftcards - ******************8Starting TC_003************************* 
14:51:03.221 [main] INFO  testCases.TC_003_Giftcards - Clicked on gift cards
14:51:05.400 [main] INFO  testCases.TC_003_Giftcards - Scrolled down for gift card selection
14:51:09.767 [main] INFO  testCases.TC_003_Giftcards - Hovered on birthday and clicked choose this
14:51:11.586 [main] INFO  testCases.TC_003_Giftcards - Amount is selected
14:51:15.444 [main] INFO  testCases.TC_003_Giftcards - Month is selected
14:51:23.986 [main] INFO  testCases.TC_003_Giftcards - Invalid recipient details is passed 
14:51:26.246 [main] INFO  testCases.TC_003_Giftcards - from details is passed 
14:51:29.250 [main] INFO  testCases.TC_003_Giftcards - confirm button is clicked and the error message is captured
14:51:34.841 [main] INFO  testCases.TC_003_Giftcards - valid recipient details is set
14:51:37.125 [main] INFO  testCases.TC_003_Giftcards - Screenshot taken
14:51:41.030 [main] INFO  testCases.TC_003_Giftcards - provided all the valid details and clicked on the confirm button
